<?xml version="1.0" encoding="UTF-8"?>
<!-- Generated by org.testng.reporters.JUnitReportReporter -->
<testsuite hostname="rajashekar" name="com.Project.TestCases.raj_Test_001" tests="1" failures="0" timestamp="24 Mar 2021 12:27:20 GMT" time="7.322" errors="0">
  <testcase name="loginTest" time="7.322" classname="com.Project.TestCases.raj_Test_001"/>
</testsuite> <!-- com.Project.TestCases.raj_Test_001 -->
