<?xml version="1.0" encoding="UTF-8"?>
<!-- Generated by org.testng.reporters.JUnitReportReporter -->
<testsuite hostname="rajashekar" name="com.Project.TestCases.testing" tests="1" failures="0" timestamp="24 Mar 2021 09:38:21 GMT" time="22.007" errors="0">
  <testcase name="te" time="22.007" classname="com.Project.TestCases.testing"/>
</testsuite> <!-- com.Project.TestCases.testing -->
