<?xml version="1.0" encoding="UTF-8"?>
<!-- Generated by org.testng.reporters.JUnitReportReporter -->
<testsuite hostname="rajashekar" name="com.Project.TestCases.raj_Test_001" tests="1" failures="0" timestamp="26 Mar 2021 08:47:52 GMT" time="10.014" errors="0">
  <testcase name="loginTest" time="10.014" classname="com.Project.TestCases.raj_Test_001"/>
</testsuite> <!-- com.Project.TestCases.raj_Test_001 -->
